3.310000 0.000000 0.000000
0.000000 3.310000 0.000000
0.000000 0.000000 3.310000
0.500000 -0.500000 0.500000
0.500000 0.500000 -0.500000
-0.500000 0.500000 0.500000
0.500000 0.500000 0.500000 Ti
end

3.310000 0.000000 0.000000
0.000000 3.310000 0.000000
0.000000 0.000000 3.310000
0.500000 -0.500000 0.500000
0.500000 0.500000 -0.500000
-0.500000 0.500000 0.500000
0.500000 0.500000 0.500000 Al
end

3.310000 0.000000 0.000000
0.000000 3.310000 0.000000
0.000000 0.000000 3.310000
0.500000 -0.500000 0.500000
0.500000 0.500000 -0.500000
-0.500000 0.500000 0.500000
0.500000 0.500000 0.500000 Nb
end

3.310000 0.000000 0.000000
0.000000 3.310000 0.000000
0.000000 0.000000 3.310000
0.500000 -0.500000 0.500000
0.500000 0.500000 -0.500000
-0.500000 0.500000 0.500000
0.500000 0.500000 0.500000 Mo
end

3.310000 0.000000 0.000000
0.000000 3.310000 0.000000
0.000000 0.000000 3.310000
0.500000 -0.500000 0.500000
0.500000 0.500000 -0.500000
-0.500000 0.500000 0.500000
0.500000 0.500000 0.500000 Zr
end

3.310000 0.000000 0.000000
0.000000 3.310000 0.000000
0.000000 0.000000 3.310000
-0.500000 0.500000 -0.500000
-0.500000 -0.500000 0.500000
-0.000000 1.000000 1.000000
-1.000000 1.000000 1.000000 Al
-0.500000 0.500000 0.500000 Ti
end

3.310000 0.000000 0.000000
0.000000 3.310000 0.000000
0.000000 0.000000 3.310000
-0.500000 0.500000 -0.500000
-0.500000 -0.500000 0.500000
-0.000000 1.000000 1.000000
-1.000000 1.000000 1.000000 Nb
-0.500000 0.500000 0.500000 Ti
end

3.310000 0.000000 0.000000
0.000000 3.310000 0.000000
0.000000 0.000000 3.310000
-0.500000 0.500000 -0.500000
-0.500000 -0.500000 0.500000
-0.000000 1.000000 1.000000
-1.000000 1.000000 1.000000 Mo
-0.500000 0.500000 0.500000 Ti
end

3.310000 0.000000 0.000000
0.000000 3.310000 0.000000
0.000000 0.000000 3.310000
-0.500000 0.500000 -0.500000
-0.500000 -0.500000 0.500000
-0.000000 1.000000 1.000000
-1.000000 1.000000 1.000000 Zr
-0.500000 0.500000 0.500000 Ti
end

3.310000 0.000000 0.000000
0.000000 3.310000 0.000000
0.000000 0.000000 3.310000
-0.500000 0.500000 -0.500000
-0.500000 -0.500000 0.500000
-0.000000 1.000000 1.000000
-1.000000 1.000000 1.000000 Nb
-0.500000 0.500000 0.500000 Al
end

3.310000 0.000000 0.000000
0.000000 3.310000 0.000000
0.000000 0.000000 3.310000
-0.500000 0.500000 -0.500000
-0.500000 -0.500000 0.500000
-0.000000 1.000000 1.000000
-1.000000 1.000000 1.000000 Mo
-0.500000 0.500000 0.500000 Al
end

3.310000 0.000000 0.000000
0.000000 3.310000 0.000000
0.000000 0.000000 3.310000
-0.500000 0.500000 -0.500000
-0.500000 -0.500000 0.500000
-0.000000 1.000000 1.000000
-1.000000 1.000000 1.000000 Zr
-0.500000 0.500000 0.500000 Al
end

3.310000 0.000000 0.000000
0.000000 3.310000 0.000000
0.000000 0.000000 3.310000
-0.500000 0.500000 -0.500000
-0.500000 -0.500000 0.500000
-0.000000 1.000000 1.000000
-1.000000 1.000000 1.000000 Mo
-0.500000 0.500000 0.500000 Nb
end

3.310000 0.000000 0.000000
0.000000 3.310000 0.000000
0.000000 0.000000 3.310000
-0.500000 0.500000 -0.500000
-0.500000 -0.500000 0.500000
-0.000000 1.000000 1.000000
-1.000000 1.000000 1.000000 Zr
-0.500000 0.500000 0.500000 Nb
end

3.310000 0.000000 0.000000
0.000000 3.310000 0.000000
0.000000 0.000000 3.310000
-0.500000 0.500000 -0.500000
-0.500000 -0.500000 0.500000
-0.000000 1.000000 1.000000
-1.000000 1.000000 1.000000 Zr
-0.500000 0.500000 0.500000 Mo
end

3.310000 0.000000 0.000000
0.000000 3.310000 0.000000
0.000000 0.000000 3.310000
-1.000000 0.000000 0.000000
-0.000000 -0.000000 1.000000
-0.000000 1.000000 0.000000
-1.000000 1.000000 1.000000 Al
-0.500000 0.500000 0.500000 Ti
end

3.310000 0.000000 0.000000
0.000000 3.310000 0.000000
0.000000 0.000000 3.310000
-1.000000 0.000000 0.000000
-0.000000 -0.000000 1.000000
-0.000000 1.000000 0.000000
-1.000000 1.000000 1.000000 Nb
-0.500000 0.500000 0.500000 Ti
end

3.310000 0.000000 0.000000
0.000000 3.310000 0.000000
0.000000 0.000000 3.310000
-1.000000 0.000000 0.000000
-0.000000 -0.000000 1.000000
-0.000000 1.000000 0.000000
-1.000000 1.000000 1.000000 Mo
-0.500000 0.500000 0.500000 Ti
end

3.310000 0.000000 0.000000
0.000000 3.310000 0.000000
0.000000 0.000000 3.310000
-1.000000 0.000000 0.000000
-0.000000 -0.000000 1.000000
-0.000000 1.000000 0.000000
-1.000000 1.000000 1.000000 Zr
-0.500000 0.500000 0.500000 Ti
end

3.310000 0.000000 0.000000
0.000000 3.310000 0.000000
0.000000 0.000000 3.310000
-1.000000 0.000000 0.000000
-0.000000 -0.000000 1.000000
-0.000000 1.000000 0.000000
-1.000000 1.000000 1.000000 Nb
-0.500000 0.500000 0.500000 Al
end

3.310000 0.000000 0.000000
0.000000 3.310000 0.000000
0.000000 0.000000 3.310000
-1.000000 0.000000 0.000000
-0.000000 -0.000000 1.000000
-0.000000 1.000000 0.000000
-1.000000 1.000000 1.000000 Mo
-0.500000 0.500000 0.500000 Al
end

3.310000 0.000000 0.000000
0.000000 3.310000 0.000000
0.000000 0.000000 3.310000
-1.000000 0.000000 0.000000
-0.000000 -0.000000 1.000000
-0.000000 1.000000 0.000000
-1.000000 1.000000 1.000000 Zr
-0.500000 0.500000 0.500000 Al
end

3.310000 0.000000 0.000000
0.000000 3.310000 0.000000
0.000000 0.000000 3.310000
-1.000000 0.000000 0.000000
-0.000000 -0.000000 1.000000
-0.000000 1.000000 0.000000
-1.000000 1.000000 1.000000 Mo
-0.500000 0.500000 0.500000 Nb
end

3.310000 0.000000 0.000000
0.000000 3.310000 0.000000
0.000000 0.000000 3.310000
-1.000000 0.000000 0.000000
-0.000000 -0.000000 1.000000
-0.000000 1.000000 0.000000
-1.000000 1.000000 1.000000 Zr
-0.500000 0.500000 0.500000 Nb
end

3.310000 0.000000 0.000000
0.000000 3.310000 0.000000
0.000000 0.000000 3.310000
-1.000000 0.000000 0.000000
-0.000000 -0.000000 1.000000
-0.000000 1.000000 0.000000
-1.000000 1.000000 1.000000 Zr
-0.500000 0.500000 0.500000 Mo
end

